2026-03-25 00:34:18,444 | INFO | 读取配置: /HUBU-AI095/xhx/configs/gnn_train_sharded.yaml
2026-03-25 00:34:18,445 | INFO | 输出目录: /HUBU-AI095/xhx/log/traffic_gnn_exp10
2026-03-25 00:34:19,256 | INFO | 使用设备: cuda
2026-03-25 00:35:40,774 | INFO | 数据加载模式: sharded_pt_v2
2026-03-25 00:35:40,774 | INFO | 数据根目录: /HUBU-AI095/xhx/2.data_processing/traffic_gnn/mock_traffic_output
2026-03-25 00:35:40,774 | INFO | 总样本数: train=200, val=40, test=40
2026-03-25 00:35:40,774 | INFO | 每个 rank 的 train steps: 200
2026-03-25 00:35:40,775 | INFO | 每个 rank 的 val steps: 40
2026-03-25 00:35:42,233 | INFO | 开始 Stage 1 训练
2026-03-25 00:51:08,736 | INFO | {'epoch': 1, 'stage': 1, 'train_loss': 15.436103460788727, 'train_mae': 15.436103460788727, 'val_loss': 2.1470162868499756, 'val_mae': 2.1470162868499756}
2026-03-25 01:06:37,956 | INFO | {'epoch': 2, 'stage': 1, 'train_loss': 1.5395112240314484, 'train_mae': 1.5395112240314484, 'val_loss': 1.1801849722862243, 'val_mae': 1.1801849722862243}
2026-03-25 01:21:35,172 | INFO | {'epoch': 3, 'stage': 1, 'train_loss': 1.047207546532154, 'train_mae': 1.047207546532154, 'val_loss': 0.9696271136403084, 'val_mae': 0.9696271136403084}
2026-03-25 01:37:11,331 | INFO | {'epoch': 4, 'stage': 1, 'train_loss': 0.9391121155023575, 'train_mae': 0.9391121155023575, 'val_loss': 0.9155620351433754, 'val_mae': 0.9155620351433754}
2026-03-25 01:52:40,516 | INFO | {'epoch': 5, 'stage': 1, 'train_loss': 0.8954277697205544, 'train_mae': 0.8954277697205544, 'val_loss': 0.8759744703769684, 'val_mae': 0.8759744703769684}
2026-03-25 02:08:14,549 | INFO | {'epoch': 6, 'stage': 1, 'train_loss': 0.8599846294522285, 'train_mae': 0.8599846294522285, 'val_loss': 0.846695102751255, 'val_mae': 0.846695102751255}
2026-03-25 02:23:04,998 | INFO | {'epoch': 7, 'stage': 1, 'train_loss': 0.8364276376366615, 'train_mae': 0.8364276376366615, 'val_loss': 0.8261494100093841, 'val_mae': 0.8261494100093841}
2026-03-25 02:38:28,870 | INFO | {'epoch': 8, 'stage': 1, 'train_loss': 0.8172763094305993, 'train_mae': 0.8172763094305993, 'val_loss': 0.8074681133031845, 'val_mae': 0.8074681133031845}
2026-03-25 02:53:51,278 | INFO | {'epoch': 9, 'stage': 1, 'train_loss': 0.7979465717077255, 'train_mae': 0.7979465717077255, 'val_loss': 0.7891237139701843, 'val_mae': 0.7891237139701843}
2026-03-25 03:09:27,801 | INFO | {'epoch': 10, 'stage': 1, 'train_loss': 0.7822055172920227, 'train_mae': 0.7822055172920227, 'val_loss': 0.7787161484360695, 'val_mae': 0.7787161484360695}
2026-03-25 03:24:29,121 | INFO | {'epoch': 11, 'stage': 1, 'train_loss': 0.7710947757959365, 'train_mae': 0.7710947757959365, 'val_loss': 0.7656528979539872, 'val_mae': 0.7656528979539872}
2026-03-25 03:40:00,807 | INFO | {'epoch': 12, 'stage': 1, 'train_loss': 0.7611396083235741, 'train_mae': 0.7611396083235741, 'val_loss': 0.757497601211071, 'val_mae': 0.757497601211071}
2026-03-25 03:55:27,311 | INFO | {'epoch': 13, 'stage': 1, 'train_loss': 0.7517827451229095, 'train_mae': 0.7517827451229095, 'val_loss': 0.7544289410114289, 'val_mae': 0.7544289410114289}
2026-03-25 04:10:55,085 | INFO | {'epoch': 14, 'stage': 1, 'train_loss': 0.7446061298251152, 'train_mae': 0.7446061298251152, 'val_loss': 0.7407143741846085, 'val_mae': 0.7407143741846085}
2026-03-25 04:25:46,923 | INFO | {'epoch': 15, 'stage': 1, 'train_loss': 0.7385556414723397, 'train_mae': 0.7385556414723397, 'val_loss': 0.7347327128052712, 'val_mae': 0.7347327128052712}
2026-03-25 04:41:07,935 | INFO | {'epoch': 16, 'stage': 1, 'train_loss': 0.7317346304655075, 'train_mae': 0.7317346304655075, 'val_loss': 0.727487200498581, 'val_mae': 0.727487200498581}
2026-03-25 04:56:30,293 | INFO | {'epoch': 17, 'stage': 1, 'train_loss': 0.7240889680385589, 'train_mae': 0.7240889680385589, 'val_loss': 0.7215383142232895, 'val_mae': 0.7215383142232895}
2026-03-25 05:11:57,540 | INFO | {'epoch': 18, 'stage': 1, 'train_loss': 0.7154807958006859, 'train_mae': 0.7154807958006859, 'val_loss': 0.7102389827370643, 'val_mae': 0.7102389827370643}
2026-03-25 05:26:54,528 | INFO | {'epoch': 19, 'stage': 1, 'train_loss': 0.7066812908649445, 'train_mae': 0.7066812908649445, 'val_loss': 0.7053039863705635, 'val_mae': 0.7053039863705635}
2026-03-25 05:42:17,487 | INFO | {'epoch': 20, 'stage': 1, 'train_loss': 0.6978164264559745, 'train_mae': 0.6978164264559745, 'val_loss': 0.6931952282786369, 'val_mae': 0.6931952282786369}
2026-03-25 05:42:17,507 | INFO | 清理显存: stage1_return
2026-03-25 05:42:17,836 | INFO | 清理显存: after_stage1
2026-03-25 05:42:17,912 | INFO | 开始 Stage 2 训练
2026-03-25 05:55:09,358 | INFO | {'epoch': 1, 'stage': 2, 'train_loss': 9.370531678795814, 'train_mae': 9.366610715389251, 'train_reg': 39.20952536387369, 'val_loss': 2.0165807723999025, 'val_mae': 2.0113563179969787, 'val_reg': 52.24450769424438}
2026-03-25 06:07:50,735 | INFO | {'epoch': 2, 'stage': 2, 'train_loss': 2.070894554853439, 'train_mae': 2.0657125973701476, 'train_reg': 51.81960624694824, 'val_loss': 1.9239441722631454, 'val_mae': 1.9189731866121291, 'val_reg': 49.709959983825684}
2026-03-25 06:20:03,731 | INFO | {'epoch': 3, 'stage': 2, 'train_loss': 1.9907720792293548, 'train_mae': 1.9860750919580459, 'train_reg': 46.96987878799438, 'val_loss': 1.9245171159505845, 'val_mae': 1.919901466369629, 'val_reg': 46.15646562576294}
2026-03-25 06:31:42,550 | INFO | {'epoch': 4, 'stage': 2, 'train_loss': 1.9259601390361787, 'train_mae': 1.9216486209630965, 'train_reg': 43.115202541351316, 'val_loss': 2.061839184165001, 'val_mae': 2.0574053645133974, 'val_reg': 44.338363361358645}
2026-03-25 06:44:38,705 | INFO | {'epoch': 5, 'stage': 2, 'train_loss': 2.0037066727876662, 'train_mae': 1.9997559428215026, 'train_reg': 39.50727201461792, 'val_loss': 1.8915563583374024, 'val_mae': 1.887669324874878, 'val_reg': 38.870400524139406}
2026-03-25 06:57:22,466 | INFO | {'epoch': 6, 'stage': 2, 'train_loss': 2.017512929439545, 'train_mae': 2.0138448518514633, 'train_reg': 36.680760097503665, 'val_loss': 1.9469382494688035, 'val_mae': 1.943597400188446, 'val_reg': 33.408512592315674}
2026-03-25 07:10:16,490 | INFO | {'epoch': 7, 'stage': 2, 'train_loss': 1.9457438814640045, 'train_mae': 1.9423826003074647, 'train_reg': 33.61279682159424, 'val_loss': 1.9696000695228577, 'val_mae': 1.9662275522947312, 'val_reg': 33.72514476776123}
2026-03-25 07:22:30,641 | INFO | {'epoch': 8, 'stage': 2, 'train_loss': 1.9815702790021896, 'train_mae': 1.9784623444080354, 'train_reg': 31.079366703033447, 'val_loss': 1.8960901916027069, 'val_mae': 1.8930305749177934, 'val_reg': 30.5961585521698}
2026-03-25 07:34:16,500 | INFO | {'epoch': 9, 'stage': 2, 'train_loss': 1.9544645351171495, 'train_mae': 1.9516128677129745, 'train_reg': 28.516664447784425, 'val_loss': 1.8671928018331527, 'val_mae': 1.8645287036895752, 'val_reg': 26.641014957427977}
2026-03-25 07:47:04,650 | INFO | {'epoch': 10, 'stage': 2, 'train_loss': 1.9207421875, 'train_mae': 1.9181048363447188, 'train_reg': 26.373506546020508, 'val_loss': 1.8642221987247467, 'val_mae': 1.8616468727588653, 'val_reg': 25.75326066017151}
2026-03-25 07:59:54,325 | INFO | {'epoch': 11, 'stage': 2, 'train_loss': 1.9963908690214156, 'train_mae': 1.9939868777990342, 'train_reg': 24.039918546676635, 'val_loss': 1.8380421310663224, 'val_mae': 1.8357480883598327, 'val_reg': 22.94039649963379}
2026-03-25 08:12:32,825 | INFO | {'epoch': 12, 'stage': 2, 'train_loss': 1.919511387348175, 'train_mae': 1.9172981297969818, 'train_reg': 22.132529973983765, 'val_loss': 1.8761389702558517, 'val_mae': 1.8739251136779784, 'val_reg': 22.138514709472656}
2026-03-25 08:24:41,063 | INFO | {'epoch': 13, 'stage': 2, 'train_loss': 1.927018233537674, 'train_mae': 1.9249526500701903, 'train_reg': 20.65585313796997, 'val_loss': 1.883668440580368, 'val_mae': 1.8817940086126328, 'val_reg': 18.744290781021117}
2026-03-25 08:36:24,567 | INFO | {'epoch': 14, 'stage': 2, 'train_loss': 1.936891455054283, 'train_mae': 1.934999834895134, 'train_reg': 18.916135153770448, 'val_loss': 1.910532996058464, 'val_mae': 1.9088200867176055, 'val_reg': 17.129106950759887}
2026-03-25 08:49:07,779 | INFO | {'epoch': 15, 'stage': 2, 'train_loss': 1.8626959508657455, 'train_mae': 1.8609304636716844, 'train_reg': 17.654817514419555, 'val_loss': 1.8236009001731872, 'val_mae': 1.8218861043453216, 'val_reg': 17.148050570487975}
2026-03-25 09:02:00,703 | INFO | {'epoch': 16, 'stage': 2, 'train_loss': 1.9009458750486374, 'train_mae': 1.8993217915296554, 'train_reg': 16.24086012840271, 'val_loss': 1.829939740896225, 'val_mae': 1.8284369826316833, 'val_reg': 15.027536487579345}
2026-03-25 09:14:48,201 | INFO | {'epoch': 17, 'stage': 2, 'train_loss': 1.8714713895320891, 'train_mae': 1.869966905117035, 'train_reg': 15.04486129283905, 'val_loss': 2.0834051609039306, 'val_mae': 2.0821054846048357, 'val_reg': 12.996725296974182}
2026-03-25 09:27:06,977 | INFO | {'epoch': 18, 'stage': 2, 'train_loss': 1.8459889715909958, 'train_mae': 1.8445849561691283, 'train_reg': 14.040169372558594, 'val_loss': 1.8559419840574265, 'val_mae': 1.8545448929071426, 'val_reg': 13.970744180679322}
2026-03-25 09:38:58,752 | INFO | {'epoch': 19, 'stage': 2, 'train_loss': 1.8994626545906066, 'train_mae': 1.8982117223739623, 'train_reg': 12.509318008422852, 'val_loss': 1.8826111167669297, 'val_mae': 1.8813119918107986, 'val_reg': 12.991206312179566}
2026-03-25 09:51:47,149 | INFO | {'epoch': 20, 'stage': 2, 'train_loss': 1.8640136295557022, 'train_mae': 1.8628391849994659, 'train_reg': 11.744420313835144, 'val_loss': 2.1529898971319197, 'val_mae': 2.1520060777664183, 'val_reg': 9.838261604309082}
2026-03-25 09:51:47,175 | INFO | 清理显存: stage2_return
2026-03-25 09:51:47,572 | INFO | 清理显存: after_stage2
2026-03-25 09:51:47,712 | INFO | 开始 Stage 3 训练
2026-03-25 09:58:46,695 | INFO | {'epoch': 1, 'stage': 3, 'train_loss': 8.68242384314537, 'train_mae': 8.678080164194107, 'train_reg': 43.43664778642356, 'val_loss': 3.715172380208969, 'val_mae': 3.7097143173217773, 'val_reg': 54.58057765960693}
2026-03-25 10:05:57,840 | INFO | {'epoch': 2, 'stage': 3, 'train_loss': 3.5531929767131807, 'train_mae': 3.5480111396312712, 'train_reg': 51.81827951431274, 'val_loss': 3.4527326941490175, 'val_mae': 3.447706884145737, 'val_reg': 50.258053398132326}
2026-03-25 10:13:09,051 | INFO | {'epoch': 3, 'stage': 3, 'train_loss': 3.437310974597931, 'train_mae': 3.432662123441696, 'train_reg': 46.48846990585327, 'val_loss': 3.4237711131572723, 'val_mae': 3.419098347425461, 'val_reg': 46.727509546279904}
2026-03-25 10:20:09,261 | INFO | {'epoch': 4, 'stage': 3, 'train_loss': 3.3634404814243317, 'train_mae': 3.3591939187049866, 'train_reg': 42.46565945625305, 'val_loss': 3.43895138502121, 'val_mae': 3.434566354751587, 'val_reg': 43.85015840530396}
2026-03-25 10:26:48,780 | INFO | {'epoch': 5, 'stage': 3, 'train_loss': 3.3262585389614103, 'train_mae': 3.3222652399539947, 'train_reg': 39.93302110671997, 'val_loss': 3.351001125574112, 'val_mae': 3.346840810775757, 'val_reg': 41.60308837890625}
2026-03-25 10:33:01,705 | INFO | {'epoch': 6, 'stage': 3, 'train_loss': 3.2891963362693786, 'train_mae': 3.285364319086075, 'train_reg': 38.32013595581055, 'val_loss': 3.3359615802764893, 'val_mae': 3.331887590885162, 'val_reg': 40.74001936912536}
2026-03-25 10:39:42,027 | INFO | {'epoch': 7, 'stage': 3, 'train_loss': 3.272528612613678, 'train_mae': 3.2687670755386353, 'train_reg': 37.615355339050296, 'val_loss': 3.255720978975296, 'val_mae': 3.251820909976959, 'val_reg': 39.000808000564575}
2026-03-25 10:46:48,276 | INFO | {'epoch': 8, 'stage': 3, 'train_loss': 3.263341898918152, 'train_mae': 3.2596725642681124, 'train_reg': 36.69331009864807, 'val_loss': 3.3345832884311677, 'val_mae': 3.3306106507778166, 'val_reg': 39.726587009429934}
2026-03-25 10:53:57,697 | INFO | {'epoch': 9, 'stage': 3, 'train_loss': 3.1939643359184267, 'train_mae': 3.1903907787799834, 'train_reg': 35.73554512023926, 'val_loss': 3.238719290494919, 'val_mae': 3.235153943300247, 'val_reg': 35.653465270996094}
2026-03-25 11:00:57,409 | INFO | {'epoch': 10, 'stage': 3, 'train_loss': 3.20758580327034, 'train_mae': 3.2040422594547273, 'train_reg': 35.43543846130371, 'val_loss': 3.1965372264385223, 'val_mae': 3.1928847432136536, 'val_reg': 36.524801063537595}
2026-03-25 11:07:59,595 | INFO | {'epoch': 11, 'stage': 3, 'train_loss': 3.222942405939102, 'train_mae': 3.2193902695178984, 'train_reg': 35.52147446632385, 'val_loss': 3.3230651915073395, 'val_mae': 3.319304662942886, 'val_reg': 37.60537939071655}
2026-03-25 11:15:01,032 | INFO | {'epoch': 12, 'stage': 3, 'train_loss': 3.1766967391967773, 'train_mae': 3.1732018566131592, 'train_reg': 34.948787126541134, 'val_loss': 3.1899864315986632, 'val_mae': 3.186427283287048, 'val_reg': 35.59155750274658}
2026-03-25 11:21:58,625 | INFO | {'epoch': 13, 'stage': 3, 'train_loss': 3.189065580368042, 'train_mae': 3.1856067061424254, 'train_reg': 34.5887583732605, 'val_loss': 3.153542220592499, 'val_mae': 3.1501068830490113, 'val_reg': 34.35357980728149}
2026-03-25 11:28:28,675 | INFO | {'epoch': 14, 'stage': 3, 'train_loss': 3.212435475587845, 'train_mae': 3.208975751399994, 'train_reg': 34.597227039337156, 'val_loss': 3.1413785576820374, 'val_mae': 3.1379279673099516, 'val_reg': 34.50587043762207}
2026-03-25 11:34:36,854 | INFO | {'epoch': 15, 'stage': 3, 'train_loss': 3.127673850059509, 'train_mae': 3.1242992436885832, 'train_reg': 33.74604971885681, 'val_loss': 3.1244826436042787, 'val_mae': 3.12101371884346, 'val_reg': 34.68933138847351}
2026-03-25 11:41:26,148 | INFO | {'epoch': 16, 'stage': 3, 'train_loss': 3.1374372780323028, 'train_mae': 3.134039885997772, 'train_reg': 33.97397093772888, 'val_loss': 3.2415159344673157, 'val_mae': 3.238160568475723, 'val_reg': 33.55354356765747}
2026-03-25 11:48:31,675 | INFO | {'epoch': 17, 'stage': 3, 'train_loss': 3.122771496772766, 'train_mae': 3.119367473125458, 'train_reg': 34.04020036697388, 'val_loss': 3.2692307829856873, 'val_mae': 3.266065204143524, 'val_reg': 31.655788135528564}
2026-03-25 11:55:32,901 | INFO | {'epoch': 18, 'stage': 3, 'train_loss': 3.122664337158203, 'train_mae': 3.119350737333298, 'train_reg': 33.135996627807614, 'val_loss': 3.1334781467914583, 'val_mae': 3.130032569169998, 'val_reg': 34.45582094192505}
2026-03-25 12:02:35,671 | INFO | {'epoch': 19, 'stage': 3, 'train_loss': 3.1119840931892395, 'train_mae': 3.1087239527702333, 'train_reg': 32.601418552398684, 'val_loss': 3.1498581945896147, 'val_mae': 3.1464878022670746, 'val_reg': 33.7041494846344}
2026-03-25 12:09:40,209 | INFO | {'epoch': 20, 'stage': 3, 'train_loss': 3.129411265850067, 'train_mae': 3.1261715936660766, 'train_reg': 32.39677798271179, 'val_loss': 3.193282479047775, 'val_mae': 3.190177249908447, 'val_reg': 31.052386665344237}
2026-03-25 12:09:40,230 | INFO | 清理显存: stage3_return
2026-03-25 12:09:40,718 | INFO | 清理显存: after_stage3
2026-03-25 12:09:40,851 | INFO | 训练完成，最终模型已保存到: /HUBU-AI095/xhx/log/traffic_gnn_exp10/checkpoints/final_model.pt
2026-03-25 12:09:40,851 | INFO | 已检测到 test 集，但当前脚本默认不单独跑 test 指标。
