2026-03-22 23:05:09,678 | INFO | 读取配置: E:\vscode项目文件\Traffic_Flow_Prediction\configs\gnn_train_sharded.yaml
2026-03-22 23:05:09,678 | INFO | 输出目录: E:\vscode项目文件\Traffic_Flow_Prediction\log\traffic_gnn_exp01
2026-03-22 23:05:09,683 | INFO | 使用设备: cuda
2026-03-22 23:08:20,459 | INFO | 读取配置: E:\vscode项目文件\Traffic_Flow_Prediction\configs\gnn_train_sharded.yaml
2026-03-22 23:08:20,459 | INFO | 输出目录: E:\vscode项目文件\Traffic_Flow_Prediction\log\traffic_gnn_exp01
2026-03-22 23:08:20,463 | INFO | 使用设备: cuda
2026-03-22 23:08:58,094 | INFO | 数据加载模式: sharded_pt_v2
2026-03-22 23:08:58,094 | INFO | 数据根目录: E:\vscode项目文件\Traffic_Flow_Prediction\2.data_processing\traffic_gnn\mock_traffic_output
2026-03-22 23:08:58,094 | INFO | 数据集大小: train=200, val=40, test=40
2026-03-22 23:08:58,425 | INFO | 开始 Stage 1 训练
2026-03-22 23:11:41,149 | INFO | 读取配置: E:\vscode项目文件\Traffic_Flow_Prediction\configs\gnn_train_sharded.yaml
2026-03-22 23:11:41,150 | INFO | 输出目录: E:\vscode项目文件\Traffic_Flow_Prediction\log\traffic_gnn_exp01
2026-03-22 23:11:41,154 | INFO | 使用设备: cuda
2026-03-22 23:12:17,643 | INFO | 数据加载模式: sharded_pt_v2
2026-03-22 23:12:17,643 | INFO | 数据根目录: E:\vscode项目文件\Traffic_Flow_Prediction\2.data_processing\traffic_gnn\mock_traffic_output
2026-03-22 23:12:17,644 | INFO | 数据集大小: train=200, val=40, test=40
2026-03-22 23:12:17,955 | INFO | 开始 Stage 1 训练
2026-03-22 23:27:49,641 | INFO | 读取配置: E:\vscode项目文件\Traffic_Flow_Prediction\configs\gnn_train_sharded.yaml
2026-03-22 23:27:49,641 | INFO | 输出目录: E:\vscode项目文件\Traffic_Flow_Prediction\log\traffic_gnn_exp01
2026-03-22 23:27:49,645 | INFO | 使用设备: cuda
2026-03-22 23:28:24,087 | INFO | 数据加载模式: sharded_pt_v2
2026-03-22 23:28:24,088 | INFO | 数据根目录: E:\vscode项目文件\Traffic_Flow_Prediction\2.data_processing\traffic_gnn\mock_traffic_output
2026-03-22 23:28:24,088 | INFO | 数据集大小: train=200, val=40, test=40
2026-03-22 23:28:24,372 | INFO | 开始 Stage 1 训练
